<?xml version="1.0" encoding="UTF-8"?>
<testsuite name="PythagoreanTripletTest" tests="7" skipped="6" failures="0" errors="0" timestamp="2022-07-19T13:35:45" hostname="Vigneshs-MacBook-Pro.local" time="0.003">
  <properties/>
  <testcase name="tripletsWhoseSumIs1000" classname="PythagoreanTripletTest" time="0.0">
    <skipped/>
  </testcase>
  <testcase name="tripletsWhoseSumIs1001" classname="PythagoreanTripletTest" time="0.0">
    <skipped/>
  </testcase>
  <testcase name="tripletsWhoseSumIs108" classname="PythagoreanTripletTest" time="0.0">
    <skipped/>
  </testcase>
  <testcase name="tripletsWhoseSumIs840" classname="PythagoreanTripletTest" time="0.0">
    <skipped/>
  </testcase>
  <testcase name="tripletsWhoseSumIs12" classname="PythagoreanTripletTest" time="0.001"/>
  <testcase name="tripletsWhoseSumIs90" classname="PythagoreanTripletTest" time="0.001">
    <skipped/>
  </testcase>
  <testcase name="tripletsWhoseSumIs30000" classname="PythagoreanTripletTest" time="0.0">
    <skipped/>
  </testcase>
  <system-out><![CDATA[]]></system-out>
  <system-err><![CDATA[]]></system-err>
</testsuite>
